# JRE version: OpenJDK Runtime Environment (8.0_152-b01) (build 1.8.0_152-release-915-b01)
# Java VM: OpenJDK Server VM (25.152-b01 mixed mode windows-x86 )
Heap:
 def new generation   total 32192K, used 10454K [0x11000000, 0x132e0000, 0x26550000)
  eden space 28672K,  26% used [0x11000000, 0x11785320, 0x12c00000)
  from space 3520K,  78% used [0x12f70000, 0x13220540, 0x132e0000)
  to   space 3520K,   0% used [0x12c00000, 0x12c00000, 0x12f70000)
 tenured generation   total 71256K, used 52201K [0x26550000, 0x2aae6000, 0x51000000)
   the space 71256K,  73% used [0x26550000, 0x2984a6f8, 0x2984a800, 0x2aae6000)
 Metaspace       used 43434K, capacity 44688K, committed 44800K, reserved 45440K
GC Heap History (10 events):
Event: 86.862 GC heap before
{Heap before GC invocations=79 (full 4):
 def new generation   total 32192K, used 28672K [0x11000000, 0x132e0000, 0x26550000)
  eden space 28672K, 100% used [0x11000000, 0x12c00000, 0x12c00000)
  from space 3520K,   0% used [0x12c00000, 0x12c00000, 0x12f70000)
  to   space 3520K,   0% used [0x12f70000, 0x12f70000, 0x132e0000)
 tenured generation   total 71256K, used 42752K [0x26550000, 0x2aae6000, 0x51000000)
   the space 71256K,  59% used [0x26550000, 0x28f10218, 0x28f10400, 0x2aae6000)
 Metaspace       used 40436K, capacity 41668K, committed 41728K, reserved 42368K
Event: 86.873 GC heap after
Heap after GC invocations=80 (full 4):
 def new generation   total 32192K, used 1207K [0x11000000, 0x132e0000, 0x26550000)
  eden space 28672K,   0% used [0x11000000, 0x11000000, 0x12c00000)
  from space 3520K,  34% used [0x12f70000, 0x1309ddf0, 0x132e0000)
  to   space 3520K,   0% used [0x12c00000, 0x12c00000, 0x12f70000)
 tenured generation   total 71256K, used 42752K [0x26550000, 0x2aae6000, 0x51000000)
   the space 71256K,  59% used [0x26550000, 0x28f10218, 0x28f10400, 0x2aae6000)
 Metaspace       used 40436K, capacity 41668K, committed 41728K, reserved 42368K
}
Event: 88.776 GC heap before
{Heap before GC invocations=80 (full 4):
 def new generation   total 32192K, used 29879K [0x11000000, 0x132e0000, 0x26550000)
  eden space 28672K, 100% used [0x11000000, 0x12c00000, 0x12c00000)
  from space 3520K,  34% used [0x12f70000, 0x1309ddf0, 0x132e0000)
  to   space 3520K,   0% used [0x12c00000, 0x12c00000, 0x12f70000)
 tenured generation   total 71256K, used 42752K [0x26550000, 0x2aae6000, 0x51000000)
   the space 71256K,  59% used [0x26550000, 0x28f10218, 0x28f10400, 0x2aae6000)
 Metaspace       used 40557K, capacity 41786K, committed 41856K, reserved 42368K
Event: 88.796 GC heap after
Heap after GC invocations=81 (full 4):
 def new generation   total 32192K, used 2321K [0x11000000, 0x132e0000, 0x26550000)
  eden space 28672K,   0% used [0x11000000, 0x11000000, 0x12c00000)
  from space 3520K,  65% used [0x12c00000, 0x12e444a8, 0x12f70000)
  to   space 3520K,   0% used [0x12f70000, 0x12f70000, 0x132e0000)
 tenured generation   total 71256K, used 42752K [0x26550000, 0x2aae6000, 0x51000000)
   the space 71256K,  59% used [0x26550000, 0x28f10218, 0x28f10400, 0x2aae6000)
 Metaspace       used 40557K, capacity 41786K, committed 41856K, reserved 42368K
}
Event: 95.384 GC heap before
{Heap before GC invocations=81 (full 4):
 def new generation   total 32192K, used 30993K [0x11000000, 0x132e0000, 0x26550000)
  eden space 28672K, 100% used [0x11000000, 0x12c00000, 0x12c00000)
  from space 3520K,  65% used [0x12c00000, 0x12e444a8, 0x12f70000)
  to   space 3520K,   0% used [0x12f70000, 0x12f70000, 0x132e0000)
 tenured generation   total 71256K, used 42752K [0x26550000, 0x2aae6000, 0x51000000)
   the space 71256K,  59% used [0x26550000, 0x28f10218, 0x28f10400, 0x2aae6000)
 Metaspace       used 41622K, capacity 42870K, committed 43008K, reserved 43392K
Event: 95.419 GC heap after
Heap after GC invocations=82 (full 4):
 def new generation   total 32192K, used 3520K [0x11000000, 0x132e0000, 0x26550000)
  eden space 28672K,   0% used [0x11000000, 0x11000000, 0x12c00000)
  from space 3520K, 100% used [0x12f70000, 0x132e0000, 0x132e0000)
  to   space 3520K,   0% used [0x12c00000, 0x12c00000, 0x12f70000)
 tenured generation   total 71256K, used 44732K [0x26550000, 0x2aae6000, 0x51000000)
   the space 71256K,  62% used [0x26550000, 0x290ff3d8, 0x290ff400, 0x2aae6000)
 Metaspace       used 41622K, capacity 42870K, committed 43008K, reserved 43392K
}
Event: 97.184 GC heap before
{Heap before GC invocations=82 (full 4):
 def new generation   total 32192K, used 32192K [0x11000000, 0x132e0000, 0x26550000)
  eden space 28672K, 100% used [0x11000000, 0x12c00000, 0x12c00000)
  from space 3520K, 100% used [0x12f70000, 0x132e0000, 0x132e0000)
  to   space 3520K,   0% used [0x12c00000, 0x12c00000, 0x12f70000)
 tenured generation   total 71256K, used 44732K [0x26550000, 0x2aae6000, 0x51000000)
   the space 71256K,  62% used [0x26550000, 0x290ff3d8, 0x290ff400, 0x2aae6000)
 Metaspace       used 41724K, capacity 42969K, committed 43008K, reserved 43392K
Event: 97.229 GC heap after
Heap after GC invocations=83 (full 4):
 def new generation   total 32192K, used 3520K [0x11000000, 0x132e0000, 0x26550000)
  eden space 28672K,   0% used [0x11000000, 0x11000000, 0x12c00000)
  from space 3520K, 100% used [0x12c00000, 0x12f70000, 0x12f70000)
  to   space 3520K,   0% used [0x12f70000, 0x12f70000, 0x132e0000)
 tenured generation   total 71256K, used 48747K [0x26550000, 0x2aae6000, 0x51000000)
   the space 71256K,  68% used [0x26550000, 0x294ead60, 0x294eae00, 0x2aae6000)
 Metaspace       used 41724K, capacity 42969K, committed 43008K, reserved 43392K
}
Event: 99.373 GC heap before
{Heap before GC invocations=83 (full 4):
 def new generation   total 32192K, used 32192K [0x11000000, 0x132e0000, 0x26550000)
  eden space 28672K, 100% used [0x11000000, 0x12c00000, 0x12c00000)
  from space 3520K, 100% used [0x12c00000, 0x12f70000, 0x12f70000)
  to   space 3520K,   0% used [0x12f70000, 0x12f70000, 0x132e0000)
 tenured generation   total 71256K, used 48747K [0x26550000, 0x2aae6000, 0x51000000)
   the space 71256K,  68% used [0x26550000, 0x294ead60, 0x294eae00, 0x2aae6000)
 Metaspace       used 42110K, capacity 43395K, committed 43520K, reserved 44416K
Event: 99.408 GC heap after
Heap after GC invocations=84 (full 4):
 def new generation   total 32192K, used 2753K [0x11000000, 0x132e0000, 0x26550000)
  eden space 28672K,   0% used [0x11000000, 0x11000000, 0x12c00000)
  from space 3520K,  78% used [0x12f70000, 0x13220540, 0x132e0000)
  to   space 3520K,   0% used [0x12c00000, 0x12c00000, 0x12f70000)
 tenured generation   total 71256K, used 52201K [0x26550000, 0x2aae6000, 0x51000000)
   the space 71256K,  73% used [0x26550000, 0x2984a6f8, 0x2984a800, 0x2aae6000)
 Metaspace       used 42110K, capacity 43395K, committed 43520K, reserved 44416K
}

