# JRE version: OpenJDK Runtime Environment (8.0_152-b01) (build 1.8.0_152-release-915-b01)
# Java VM: OpenJDK Server VM (25.152-b01 mixed mode windows-x86 )
Heap:
 def new generation   total 33280K, used 30633K [0x11000000, 0x13410000, 0x26550000)
  eden space 29632K,  91% used [0x11000000, 0x12a5a498, 0x12cf0000)
  from space 3648K, 100% used [0x13080000, 0x13410000, 0x13410000)
  to   space 3648K,   0% used [0x12cf0000, 0x12cf0000, 0x13080000)
 tenured generation   total 73684K, used 53487K [0x26550000, 0x2ad45000, 0x51000000)
   the space 73684K,  72% used [0x26550000, 0x2998bd68, 0x2998be00, 0x2ad45000)
 Metaspace       used 45366K, capacity 46601K, committed 46720K, reserved 47488K
GC Heap History (10 events):
Event: 110.450 GC heap before
{Heap before GC invocations=80 (full 4):
 def new generation   total 33280K, used 29632K [0x11000000, 0x13410000, 0x26550000)
  eden space 29632K, 100% used [0x11000000, 0x12cf0000, 0x12cf0000)
  from space 3648K,   0% used [0x12cf0000, 0x12cf0000, 0x13080000)
  to   space 3648K,   0% used [0x13080000, 0x13080000, 0x13410000)
 tenured generation   total 73684K, used 44208K [0x26550000, 0x2ad45000, 0x51000000)
   the space 73684K,  59% used [0x26550000, 0x2907c070, 0x2907c200, 0x2ad45000)
 Metaspace       used 42249K, capacity 43502K, committed 43520K, reserved 44416K
Event: 110.472 GC heap after
Heap after GC invocations=81 (full 4):
 def new generation   total 33280K, used 3648K [0x11000000, 0x13410000, 0x26550000)
  eden space 29632K,   0% used [0x11000000, 0x11000000, 0x12cf0000)
  from space 3648K, 100% used [0x13080000, 0x13410000, 0x13410000)
  to   space 3648K,   0% used [0x12cf0000, 0x12cf0000, 0x13080000)
 tenured generation   total 73684K, used 45331K [0x26550000, 0x2ad45000, 0x51000000)
   the space 73684K,  61% used [0x26550000, 0x29194cd0, 0x29194e00, 0x2ad45000)
 Metaspace       used 42249K, capacity 43502K, committed 43520K, reserved 44416K
}
Event: 112.365 GC heap before
{Heap before GC invocations=81 (full 4):
 def new generation   total 33280K, used 33280K [0x11000000, 0x13410000, 0x26550000)
  eden space 29632K, 100% used [0x11000000, 0x12cf0000, 0x12cf0000)
  from space 3648K, 100% used [0x13080000, 0x13410000, 0x13410000)
  to   space 3648K,   0% used [0x12cf0000, 0x12cf0000, 0x13080000)
 tenured generation   total 73684K, used 45331K [0x26550000, 0x2ad45000, 0x51000000)
   the space 73684K,  61% used [0x26550000, 0x29194cd0, 0x29194e00, 0x2ad45000)
 Metaspace       used 42327K, capacity 43568K, committed 43648K, reserved 44416K
Event: 112.382 GC heap after
Heap after GC invocations=82 (full 4):
 def new generation   total 33280K, used 696K [0x11000000, 0x13410000, 0x26550000)
  eden space 29632K,   0% used [0x11000000, 0x11000000, 0x12cf0000)
  from space 3648K,  19% used [0x12cf0000, 0x12d9e360, 0x13080000)
  to   space 3648K,   0% used [0x13080000, 0x13080000, 0x13410000)
 tenured generation   total 73684K, used 47892K [0x26550000, 0x2ad45000, 0x51000000)
   the space 73684K,  64% used [0x26550000, 0x29415070, 0x29415200, 0x2ad45000)
 Metaspace       used 42327K, capacity 43568K, committed 43648K, reserved 44416K
}
Event: 119.606 GC heap before
{Heap before GC invocations=82 (full 4):
 def new generation   total 33280K, used 30328K [0x11000000, 0x13410000, 0x26550000)
  eden space 29632K, 100% used [0x11000000, 0x12cf0000, 0x12cf0000)
  from space 3648K,  19% used [0x12cf0000, 0x12d9e360, 0x13080000)
  to   space 3648K,   0% used [0x13080000, 0x13080000, 0x13410000)
 tenured generation   total 73684K, used 47892K [0x26550000, 0x2ad45000, 0x51000000)
   the space 73684K,  64% used [0x26550000, 0x29415070, 0x29415200, 0x2ad45000)
 Metaspace       used 42865K, capacity 44103K, committed 44160K, reserved 44416K
Event: 119.631 GC heap after
Heap after GC invocations=83 (full 4):
 def new generation   total 33280K, used 3215K [0x11000000, 0x13410000, 0x26550000)
  eden space 29632K,   0% used [0x11000000, 0x11000000, 0x12cf0000)
  from space 3648K,  88% used [0x13080000, 0x133a3e08, 0x13410000)
  to   space 3648K,   0% used [0x12cf0000, 0x12cf0000, 0x13080000)
 tenured generation   total 73684K, used 47892K [0x26550000, 0x2ad45000, 0x51000000)
   the space 73684K,  64% used [0x26550000, 0x29415070, 0x29415200, 0x2ad45000)
 Metaspace       used 42865K, capacity 44103K, committed 44160K, reserved 44416K
}
Event: 143.681 GC heap before
{Heap before GC invocations=83 (full 4):
 def new generation   total 33280K, used 32847K [0x11000000, 0x13410000, 0x26550000)
  eden space 29632K, 100% used [0x11000000, 0x12cf0000, 0x12cf0000)
  from space 3648K,  88% used [0x13080000, 0x133a3e08, 0x13410000)
  to   space 3648K,   0% used [0x12cf0000, 0x12cf0000, 0x13080000)
 tenured generation   total 73684K, used 47892K [0x26550000, 0x2ad45000, 0x51000000)
   the space 73684K,  64% used [0x26550000, 0x29415070, 0x29415200, 0x2ad45000)
 Metaspace       used 43588K, capacity 44818K, committed 44928K, reserved 45440K
Event: 143.711 GC heap after
Heap after GC invocations=84 (full 4):
 def new generation   total 33280K, used 2083K [0x11000000, 0x13410000, 0x26550000)
  eden space 29632K,   0% used [0x11000000, 0x11000000, 0x12cf0000)
  from space 3648K,  57% used [0x12cf0000, 0x12ef8e00, 0x13080000)
  to   space 3648K,   0% used [0x13080000, 0x13080000, 0x13410000)
 tenured generation   total 73684K, used 50542K [0x26550000, 0x2ad45000, 0x51000000)
   the space 73684K,  68% used [0x26550000, 0x296ab880, 0x296aba00, 0x2ad45000)
 Metaspace       used 43588K, capacity 44818K, committed 44928K, reserved 45440K
}
Event: 145.605 GC heap before
{Heap before GC invocations=84 (full 4):
 def new generation   total 33280K, used 31715K [0x11000000, 0x13410000, 0x26550000)
  eden space 29632K, 100% used [0x11000000, 0x12cf0000, 0x12cf0000)
  from space 3648K,  57% used [0x12cf0000, 0x12ef8e00, 0x13080000)
  to   space 3648K,   0% used [0x13080000, 0x13080000, 0x13410000)
 tenured generation   total 73684K, used 50542K [0x26550000, 0x2ad45000, 0x51000000)
   the space 73684K,  68% used [0x26550000, 0x296ab880, 0x296aba00, 0x2ad45000)
 Metaspace       used 43661K, capacity 44914K, committed 45056K, reserved 45440K
Event: 145.648 GC heap after
Heap after GC invocations=85 (full 4):
 def new generation   total 33280K, used 3648K [0x11000000, 0x13410000, 0x26550000)
  eden space 29632K,   0% used [0x11000000, 0x11000000, 0x12cf0000)
  from space 3648K, 100% used [0x13080000, 0x13410000, 0x13410000)
  to   space 3648K,   0% used [0x12cf0000, 0x12cf0000, 0x13080000)
 tenured generation   total 73684K, used 53487K [0x26550000, 0x2ad45000, 0x51000000)
   the space 73684K,  72% used [0x26550000, 0x2998bd68, 0x2998be00, 0x2ad45000)
 Metaspace       used 43661K, capacity 44914K, committed 45056K, reserved 45440K
}

